<?xml version="1.0" encoding="UTF-8"?>
<testng-results ignored="0" total="10" passed="9" failed="1" skipped="0">
  <reporter-output>
  </reporter-output>
  <suite started-at="2021-10-07T20:28:39 IST" name="Default suite" finished-at="2021-10-07T20:28:47 IST" duration-ms="8034">
    <groups>
    </groups>
    <test started-at="2021-10-07T20:28:39 IST" name="Default test" finished-at="2021-10-07T20:28:47 IST" duration-ms="8034">
      <class name="tests.TjTests">
        <test-method is-config="true" signature="setUp()[pri:0, instance:tests.TjTests@243c4f91]" started-at="2021-10-07T20:28:34 IST" name="setUp" finished-at="2021-10-07T20:28:39 IST" duration-ms="5512" status="PASS">
          <reporter-output>
          </reporter-output>
        </test-method> <!-- setUp -->
        <test-method signature="buttontests()[pri:0, instance:tests.TjTests@243c4f91]" started-at="2021-10-07T20:28:39 IST" name="buttontests" description="Button card test." finished-at="2021-10-07T20:28:39 IST" duration-ms="193" status="PASS">
          <reporter-output>
          </reporter-output>
        </test-method> <!-- buttontests -->
        <test-method signature="checkboxtest()[pri:0, instance:tests.TjTests@243c4f91]" started-at="2021-10-07T20:28:39 IST" name="checkboxtest" description="Checkbox card test" finished-at="2021-10-07T20:28:40 IST" duration-ms="197" status="PASS">
          <reporter-output>
          </reporter-output>
        </test-method> <!-- checkboxtest -->
        <test-method signature="datetest()[pri:0, instance:tests.TjTests@243c4f91]" started-at="2021-10-07T20:28:40 IST" name="datetest" description="Date card test" finished-at="2021-10-07T20:28:41 IST" duration-ms="1269" status="FAIL">
          <exception class="org.openqa.selenium.ElementClickInterceptedException">
            <message>
              <![CDATA[element click intercepted: Element <button onclick="actShow...(&quot;date&quot;)" id="result_button_date" class="w3-btn w3-round-xxlarge w3-teal w3-small">Result</button> is not clickable at point (914, 339). Other element would receive the click: <div class="ui-datepicker-header ui-widget-header ui-helper-clearfix ui-corner-all">...</div>
  (Session info: chrome=94.0.4606.71)
Build info: version: '4.0.0-rc-2', revision: '8d1e4aa5ae'
System info: host: 'QT-INNO-LT0939', ip: '192.168.1.44', os.name: 'Windows 10', os.arch: 'amd64', os.version: '10.0', java.version: '16.0.2'
Driver info: org.openqa.selenium.chrome.ChromeDriver
Command: [db3c4cb8be006408135c96c309a749ee, clickElement {id=77cedc0b-3064-4596-9720-ee594727736f}]
Capabilities {acceptInsecureCerts: false, browserName: chrome, browserVersion: 94.0.4606.71, chrome: {chromedriverVersion: 93.0.4577.15 (660fc11082ba5..., userDataDir: C:\Users\VAIBHA~1.BAJ\AppDa...}, goog:chromeOptions: {debuggerAddress: localhost:59436}, javascriptEnabled: true, networkConnectionEnabled: false, pageLoadStrategy: normal, platform: WINDOWS, platformName: WINDOWS, proxy: Proxy(), se:cdp: ws://localhost:59436/devtoo..., se:cdpVersion: 94.0.4606.71, setWindowRect: true, strictFileInteractability: false, timeouts: {implicit: 0, pageLoad: 300000, script: 30000}, unhandledPromptBehavior: dismiss and notify, webauthn:extension:credBlob: true, webauthn:extension:largeBlob: true, webauthn:virtualAuthenticators: true}
Element: [[ChromeDriver: chrome on WINDOWS (db3c4cb8be006408135c96c309a749ee)] -> id: result_button_date]
Session ID: db3c4cb8be006408135c96c309a749ee]]>
            </message>
            <full-stacktrace>
              <![CDATA[org.openqa.selenium.ElementClickInterceptedException: element click intercepted: Element <button onclick="actShow...(&quot;date&quot;)" id="result_button_date" class="w3-btn w3-round-xxlarge w3-teal w3-small">Result</button> is not clickable at point (914, 339). Other element would receive the click: <div class="ui-datepicker-header ui-widget-header ui-helper-clearfix ui-corner-all">...</div>
  (Session info: chrome=94.0.4606.71)
Build info: version: '4.0.0-rc-2', revision: '8d1e4aa5ae'
System info: host: 'QT-INNO-LT0939', ip: '192.168.1.44', os.name: 'Windows 10', os.arch: 'amd64', os.version: '10.0', java.version: '16.0.2'
Driver info: org.openqa.selenium.chrome.ChromeDriver
Command: [db3c4cb8be006408135c96c309a749ee, clickElement {id=77cedc0b-3064-4596-9720-ee594727736f}]
Capabilities {acceptInsecureCerts: false, browserName: chrome, browserVersion: 94.0.4606.71, chrome: {chromedriverVersion: 93.0.4577.15 (660fc11082ba5..., userDataDir: C:\Users\VAIBHA~1.BAJ\AppDa...}, goog:chromeOptions: {debuggerAddress: localhost:59436}, javascriptEnabled: true, networkConnectionEnabled: false, pageLoadStrategy: normal, platform: WINDOWS, platformName: WINDOWS, proxy: Proxy(), se:cdp: ws://localhost:59436/devtoo..., se:cdpVersion: 94.0.4606.71, setWindowRect: true, strictFileInteractability: false, timeouts: {implicit: 0, pageLoad: 300000, script: 30000}, unhandledPromptBehavior: dismiss and notify, webauthn:extension:credBlob: true, webauthn:extension:largeBlob: true, webauthn:virtualAuthenticators: true}
Element: [[ChromeDriver: chrome on WINDOWS (db3c4cb8be006408135c96c309a749ee)] -> id: result_button_date]
Session ID: db3c4cb8be006408135c96c309a749ee
at java.base/jdk.internal.reflect.NativeConstructorAccessorImpl.newInstance0(Native Method)
at java.base/jdk.internal.reflect.NativeConstructorAccessorImpl.newInstance(NativeConstructorAccessorImpl.java:78)
at java.base/jdk.internal.reflect.DelegatingConstructorAccessorImpl.newInstance(DelegatingConstructorAccessorImpl.java:45)
at java.base/java.lang.reflect.Constructor.newInstanceWithCaller(Constructor.java:499)
at java.base/java.lang.reflect.Constructor.newInstance(Constructor.java:480)
at org.openqa.selenium.remote.codec.w3c.W3CHttpResponseCodec.createException(W3CHttpResponseCodec.java:200)
at org.openqa.selenium.remote.codec.w3c.W3CHttpResponseCodec.decode(W3CHttpResponseCodec.java:133)
at org.openqa.selenium.remote.codec.w3c.W3CHttpResponseCodec.decode(W3CHttpResponseCodec.java:53)
at org.openqa.selenium.remote.HttpCommandExecutor.execute(HttpCommandExecutor.java:184)
at org.openqa.selenium.remote.service.DriverCommandExecutor.invokeExecute(DriverCommandExecutor.java:164)
at org.openqa.selenium.remote.service.DriverCommandExecutor.execute(DriverCommandExecutor.java:139)
at org.openqa.selenium.remote.RemoteWebDriver.execute(RemoteWebDriver.java:559)
at org.openqa.selenium.remote.RemoteWebElement.execute(RemoteWebElement.java:251)
at org.openqa.selenium.remote.RemoteWebElement.click(RemoteWebElement.java:77)
at tests.TjTests.datetest(TjTests.java:151)
at java.base/jdk.internal.reflect.NativeMethodAccessorImpl.invoke0(Native Method)
at java.base/jdk.internal.reflect.NativeMethodAccessorImpl.invoke(NativeMethodAccessorImpl.java:78)
at java.base/jdk.internal.reflect.DelegatingMethodAccessorImpl.invoke(DelegatingMethodAccessorImpl.java:43)
at java.base/java.lang.reflect.Method.invoke(Method.java:567)
at org.testng.internal.MethodInvocationHelper.invokeMethod(MethodInvocationHelper.java:133)
at org.testng.internal.TestInvoker.invokeMethod(TestInvoker.java:598)
at org.testng.internal.TestInvoker.invokeTestMethod(TestInvoker.java:173)
at org.testng.internal.MethodRunner.runInSequence(MethodRunner.java:46)
at org.testng.internal.TestInvoker$MethodInvocationAgent.invoke(TestInvoker.java:824)
at org.testng.internal.TestInvoker.invokeTestMethods(TestInvoker.java:146)
at org.testng.internal.TestMethodWorker.invokeTestMethods(TestMethodWorker.java:146)
at org.testng.internal.TestMethodWorker.run(TestMethodWorker.java:128)
at java.base/java.util.ArrayList.forEach(ArrayList.java:1511)
at org.testng.TestRunner.privateRun(TestRunner.java:794)
at org.testng.TestRunner.run(TestRunner.java:596)
at org.testng.SuiteRunner.runTest(SuiteRunner.java:377)
at org.testng.SuiteRunner.runSequentially(SuiteRunner.java:371)
at org.testng.SuiteRunner.privateRun(SuiteRunner.java:332)
at org.testng.SuiteRunner.run(SuiteRunner.java:276)
at org.testng.SuiteRunnerWorker.runSuite(SuiteRunnerWorker.java:53)
at org.testng.SuiteRunnerWorker.run(SuiteRunnerWorker.java:96)
at org.testng.TestNG.runSuitesSequentially(TestNG.java:1212)
at org.testng.TestNG.runSuitesLocally(TestNG.java:1134)
at org.testng.TestNG.runSuites(TestNG.java:1063)
at org.testng.TestNG.run(TestNG.java:1031)
at org.testng.remote.AbstractRemoteTestNG.run(AbstractRemoteTestNG.java:115)
at org.testng.remote.RemoteTestNG.initAndRun(RemoteTestNG.java:251)
at org.testng.remote.RemoteTestNG.main(RemoteTestNG.java:77)
]]>
            </full-stacktrace>
          </exception> <!-- org.openqa.selenium.ElementClickInterceptedException -->
          <reporter-output>
          </reporter-output>
        </test-method> <!-- datetest -->
        <test-method signature="dragNdDropTest()[pri:0, instance:tests.TjTests@243c4f91]" started-at="2021-10-07T20:28:41 IST" name="dragNdDropTest" description="Drag and Drop Test" finished-at="2021-10-07T20:28:46 IST" duration-ms="5202" status="PASS">
          <reporter-output>
          </reporter-output>
        </test-method> <!-- dragNdDropTest -->
        <test-method signature="dropdowntest()[pri:0, instance:tests.TjTests@243c4f91]" started-at="2021-10-07T20:28:46 IST" name="dropdowntest" description="Dropdown card test" finished-at="2021-10-07T20:28:46 IST" duration-ms="233" status="PASS">
          <reporter-output>
          </reporter-output>
        </test-method> <!-- dropdowntest -->
        <test-method signature="linktests()[pri:0, instance:tests.TjTests@243c4f91]" started-at="2021-10-07T20:28:46 IST" name="linktests" description="Link card test." finished-at="2021-10-07T20:28:46 IST" duration-ms="2" status="PASS">
          <reporter-output>
          </reporter-output>
        </test-method> <!-- linktests -->
        <test-method signature="numbertests()[pri:0, instance:tests.TjTests@243c4f91]" started-at="2021-10-07T20:28:46 IST" name="numbertests" description="Number card test." finished-at="2021-10-07T20:28:47 IST" duration-ms="259" status="PASS">
          <reporter-output>
          </reporter-output>
        </test-method> <!-- numbertests -->
        <test-method signature="radioButtontest()[pri:0, instance:tests.TjTests@243c4f91]" started-at="2021-10-07T20:28:47 IST" name="radioButtontest" description="Radio card tests" finished-at="2021-10-07T20:28:47 IST" duration-ms="230" status="PASS">
          <reporter-output>
          </reporter-output>
        </test-method> <!-- radioButtontest -->
        <test-method signature="tests()[pri:0, instance:tests.TjTests@243c4f91]" started-at="2021-10-07T20:28:47 IST" name="tests" description="Text card test." finished-at="2021-10-07T20:28:47 IST" duration-ms="184" status="PASS">
          <reporter-output>
          </reporter-output>
        </test-method> <!-- tests -->
        <test-method signature="textareatests()[pri:0, instance:tests.TjTests@243c4f91]" started-at="2021-10-07T20:28:47 IST" name="textareatests" description="Textarea card test." finished-at="2021-10-07T20:28:47 IST" duration-ms="185" status="PASS">
          <reporter-output>
          </reporter-output>
        </test-method> <!-- textareatests -->
      </class> <!-- tests.TjTests -->
    </test> <!-- Default test -->
  </suite> <!-- Default suite -->
</testng-results>
